[2026-03-12 01:04:05] [INFO] Email sent to mdasrafulislam1270@gmail.com - Subject: Your OpenShelf Login Code
[2026-03-12 01:04:05] [INFO] Email sent to mdasrafulislam1270@gmail.com - Subject: Welcome to OpenShelf!
[2026-03-12 01:04:06] [INFO] Email sent to mdasrafulislam1270@gmail.com - Subject: Your OpenShelf Account Has Been Approved!
[2026-03-12 01:04:06] [INFO] Email sent to mdasrafulislam1270@gmail.com - Subject: OpenShelf Account Registration Update
[2026-03-12 01:04:06] [INFO] Email sent to mdasrafulislam1270@gmail.com - Subject: New Borrow Request
[2026-03-12 01:07:14] [INFO] Email sent to mdasrafulislam1270@gmail.com - Subject: Your OpenShelf Login Code
[2026-03-12 01:07:15] [INFO] Email sent to mdasrafulislam1270@gmail.com - Subject: Welcome to OpenShelf!
[2026-03-12 01:07:15] [INFO] Email sent to mdasrafulislam1270@gmail.com - Subject: Your OpenShelf Account Has Been Approved!
[2026-03-12 01:07:17] [INFO] Email sent to mdasrafulislam1270@gmail.com - Subject: OpenShelf Account Registration Update
[2026-03-12 01:07:17] [INFO] Email sent to mdasrafulislam1270@gmail.com - Subject: New Borrow Request
[2026-03-12 01:34:45] [INFO] Email sent to mdasraful-2024917555@amath.du.ac.bd - Subject: Notification from OpenShelf
[2026-03-12 01:34:45] [ERROR] Template not found: admin_notification
[2026-03-12 01:34:45] [ERROR] Template not found: admin_notification
[2026-03-12 01:34:45] [ERROR] Template not found: admin_notification
[2026-03-12 01:53:33] [INFO] Email sent to mdasrafulislam1270@gmail.com - Subject: Notification from OpenShelf
[2026-03-12 01:54:32] [INFO] Email sent to mdasrafulislam1270@gmail.com - Subject: Notification from OpenShelf
[2026-03-12 01:56:29] [INFO] Email sent to mdasrafulislam1270@gmail.com - Subject: Notification from OpenShelf
[2026-03-12 02:00:58] [INFO] Email sent to mdasrafulislam1270@gmail.com - Subject: Notification from OpenShelf
[2026-03-12 02:01:23] [INFO] Email sent to mdasrafulislam1270@gmail.com - Subject: Notification from OpenShelf
[2026-03-12 02:02:06] [INFO] Email sent to mdasrafulislam1270@gmail.com - Subject: Notification from OpenShelf
[2026-03-12 02:05:21] [INFO] Email sent to mdasrafulislam1270@gmail.com - Subject: Notification from OpenShelf
[2026-03-12 02:07:09] [INFO] Email sent to mdasraful-2024917555@amath.du.ac.bd - Subject: Notification from OpenShelf
[2026-03-12 02:07:09] [ERROR] Template not found: admin_notification
[2026-03-12 02:07:09] [ERROR] Template not found: admin_notification
[2026-03-12 02:07:09] [ERROR] Template not found: admin_notification
[2026-03-12 02:42:54] [INFO] Email sent to mdasrafulislam1270@gmail.com - Subject: Notification from OpenShelf
[2026-03-12 03:01:35] [INFO] Email sent to mdasraful-2024917555@amath.du.ac.bd - Subject: Notification from OpenShelf
[2026-03-12 03:22:31] [INFO] Email sent to mdasraful-2024917555@amath.du.ac.bd - Subject: Notification from OpenShelf
[2026-03-27 11:48:25] [INFO] Email sent to mdasraful-2024917555@amath.du.ac.bd - Subject: Notification from OpenShelf
[2026-03-27 12:50:23] [INFO] Email sent to mdasrafulislam1270@gmail.com - Subject: Notification from OpenShelf
[2026-03-27 12:53:43] [INFO] Email sent to mdasraful-2024917555@amath.du.ac.bd - Subject: Notification from OpenShelf
[2026-03-27 12:53:45] [INFO] Email sent to mdasraful-2024917554@amath.du.ac.bd - Subject: Notification from OpenShelf
[2026-03-28 02:48:49] [INFO] Email sent to mdasrafulislam1270@gmail.com - Subject: Notification from OpenShelf
[2026-03-28 04:19:36] [INFO] Email sent to mdasrafulislam1270@gmail.com - Subject: Notification from OpenShelf
[2026-03-28 04:20:53] [INFO] Email sent to mdasraful-2024917555@amath.du.ac.bd - Subject: Notification from OpenShelf
[2026-03-28 04:20:53] [INFO] Email sent to mdasraful-2024917554@amath.du.ac.bd - Subject: Notification from OpenShelf
[2026-03-28 04:33:37] [INFO] Email sent to mdasraful-2024917555@amath.du.ac.bd - Subject: Notification from OpenShelf
[2026-03-28 04:33:37] [INFO] Email sent to mdasraful-2024917554@amath.du.ac.bd - Subject: Notification from OpenShelf
[2026-03-28 04:33:55] [INFO] Email sent to mdasrafulislam1270@gmail.com - Subject: Notification from OpenShelf
[2026-03-28 05:13:39] [INFO] Email sent to mdasrafulislam1270@gmail.com - Subject: Notification from OpenShelf
[2026-03-28 06:10:56] [INFO] Email sent to rifatuzzaman-2024613237@eee.du.ac.bd - Subject: Notification from OpenShelf
[2026-03-28 06:10:56] [ERROR] Template not found: admin_notification
[2026-03-28 06:10:56] [ERROR] Template not found: admin_notification
[2026-03-28 06:10:56] [ERROR] Template not found: admin_notification
[2026-03-28 06:13:02] [INFO] Email sent to rifatuzzaman-2024613237@eee.du.ac.bd - Subject: Notification from OpenShelf
[2026-03-28 06:23:28] [INFO] Email sent to mdasraful-2024917555@amath.du.ac.bd - Subject: Notification from OpenShelf
[2026-03-28 06:23:28] [INFO] Email sent to mdasraful-2024917554@amath.du.ac.bd - Subject: Notification from OpenShelf
[2026-03-28 06:23:29] [INFO] Email sent to rifatuzzaman-2024613237@eee.du.ac.bd - Subject: Notification from OpenShelf
[2026-03-28 06:44:21] [INFO] Email sent to mdasraful-2025917555@amath.du.ac.bd - Subject: Notification from OpenShelf
[2026-03-28 06:44:21] [ERROR] Template not found: admin_notification
[2026-03-28 06:44:21] [ERROR] Template not found: admin_notification
[2026-03-28 06:44:21] [ERROR] Template not found: admin_notification
[2026-03-28 06:44:43] [INFO] Email sent to mdasrafulislam1270@gmail.com - Subject: Notification from OpenShelf
[2026-03-28 06:47:55] [INFO] Email sent to mdasraful-2025917555@amath.du.ac.bd - Subject: Notification from OpenShelf
[2026-03-28 07:31:06] [INFO] Email sent to mdasraful-2025917555@amath.du.ac.bd - Subject: Notification from OpenShelf
[2026-03-28 07:36:33] [INFO] Email sent to mdasrafulislam0638@gmail.com - Subject: Test Email from OpenShelf
[2026-03-28 07:40:54] [INFO] Email sent to mdasraful-2025917555@amath.du.ac.bd - Subject: Notification from OpenShelf
[2026-03-28 07:41:43] [INFO] Email sent to mdasraful-2025917555@amath.du.ac.bd - Subject: Notification from OpenShelf
[2026-03-28 07:52:28] [INFO] Email sent to mdasrafulislam0638@gmail.com - Subject: Notification from OpenShelf
[2026-03-28 07:56:30] [INFO] Email sent to mdasrafulislam1270@gmail.com - Subject: Notification from OpenShelf
[2026-03-28 08:07:37] [INFO] Email sent to mdasraful-2025917555@amath.du.ac.bd - Subject: Notification from OpenShelf
[2026-03-28 08:08:13] [INFO] Email sent to mdasraful-2025917555@amath.du.ac.bd - Subject: Notification from OpenShelf
[2026-03-28 08:51:34] [INFO] Email sent to saifulislam-70-2024117436@geoenv.du.ac.bd - Subject: Notification from OpenShelf
[2026-03-28 08:51:34] [ERROR] Template not found: admin_notification
[2026-03-28 08:51:34] [ERROR] Template not found: admin_notification
[2026-03-28 08:51:34] [ERROR] Template not found: admin_notification
[2026-03-28 08:54:19] [INFO] Email sent to mdasrafulislam1270@gmail.com - Subject: Notification from OpenShelf
[2026-03-28 09:00:55] [INFO] Email sent to saifulislam-70-2024117436@geoenv.du.ac.bd - Subject: Notification from OpenShelf
[2026-03-28 09:20:40] [INFO] Email sent to mdasraful-2025917555@amath.du.ac.bd - Subject: Notification from OpenShelf
[2026-03-28 09:20:56] [INFO] Email sent to mdasraful-2025917555@amath.du.ac.bd - Subject: Notification from OpenShelf
[2026-03-28 09:21:58] [INFO] Email sent to mdasraful-2025917555@amath.du.ac.bd - Subject: Notification from OpenShelf
[2026-03-28 09:22:03] [INFO] Email sent to mdasraful-2025917555@amath.du.ac.bd - Subject: Notification from OpenShelf
[2026-03-28 09:22:30] [INFO] Email sent to mdasraful-2025917555@amath.du.ac.bd - Subject: Notification from OpenShelf
[2026-03-28 09:22:31] [INFO] Email sent to mdasrafulislam0638@gmail.com - Subject: Notification from OpenShelf
[2026-03-28 09:39:52] [INFO] Email sent to mdasrafulislam0638@gmail.com - Subject: Notification from OpenShelf
[2026-03-28 10:00:13] [INFO] Email sent to mdasraful-2025917555@amath.du.ac.bd - Subject: Notification from OpenShelf
[2026-03-28 10:00:38] [INFO] Email sent to mdasraful-2025917555@amath.du.ac.bd - Subject: Notification from OpenShelf
[2026-03-28 10:00:39] [INFO] Email sent to mdasrafulislam0638@gmail.com - Subject: Notification from OpenShelf
[2026-03-28 10:00:45] [INFO] Email sent to mdasraful-2025917555@amath.du.ac.bd - Subject: Notification from OpenShelf
[2026-03-28 10:00:46] [INFO] Email sent to mdasrafulislam0638@gmail.com - Subject: Notification from OpenShelf
[2026-03-28 10:01:06] [INFO] Email sent to mdasrafulislam0638@gmail.com - Subject: Notification from OpenShelf
[2026-03-28 10:01:28] [INFO] Email sent to saifulislam-70-2024117436@geoenv.du.ac.bd - Subject: Notification from OpenShelf
[2026-03-28 10:01:33] [INFO] Email sent to saifulislam-70-2024117436@geoenv.du.ac.bd - Subject: Notification from OpenShelf
[2026-03-28 10:01:58] [INFO] Email sent to mdasrafulislam0638@gmail.com - Subject: Notification from OpenShelf
[2026-03-28 10:03:45] [INFO] Email sent to mdasraful-2025917555@amath.du.ac.bd - Subject: Notification from OpenShelf
[2026-03-28 10:04:00] [INFO] Email sent to mdasraful-2025917555@amath.du.ac.bd - Subject: Notification from OpenShelf
[2026-03-28 10:04:11] [INFO] Email sent to mdasraful-2025917555@amath.du.ac.bd - Subject: Notification from OpenShelf
