[12-Mar-2026 03:01:35 America/New_York] Owner notification email sent successfully to: mdasraful-2024917555@amath.du.ac.bd
[12-Mar-2026 03:01:35 America/New_York] Email sent successfully to owner: mdasraful-2024917555@amath.du.ac.bd
[12-Mar-2026 03:01:35 America/New_York] Borrow request created: REQ17732988953d7287cc for book: W8Z6SJYBGY by user: DTLQ6XA3WRRJMQJ1
[12-Mar-2026 03:22:31 America/New_York] Owner notification email sent successfully to: mdasraful-2024917555@amath.du.ac.bd
[12-Mar-2026 03:22:31 America/New_York] Email sent successfully to owner: mdasraful-2024917555@amath.du.ac.bd
[12-Mar-2026 03:22:31 America/New_York] Borrow request created: REQ1773300151df775a45 for book: PQ83QV9V1V by user: DTLQ6XA3WRRJMQJ1
[27-Mar-2026 11:48:25 America/New_York] Owner notification email sent successfully to: mdasraful-2024917555@amath.du.ac.bd
[27-Mar-2026 11:48:25 America/New_York] Email sent successfully to owner: mdasraful-2024917555@amath.du.ac.bd
[27-Mar-2026 11:48:25 America/New_York] Borrow request created: REQ17746265052d5665b0 for book: T4RHPW2V5C by user: DTLQ6XA3WRRJMQJ1
[28-Mar-2026 07:31:06 America/New_York] Approval email sent to: mdasraful-2025917555@amath.du.ac.bd
[28-Mar-2026 07:40:54 America/New_York] Rejection email sent to: mdasraful-2025917555@amath.du.ac.bd
[28-Mar-2026 07:41:43 America/New_York] Approval email sent to: mdasraful-2025917555@amath.du.ac.bd
[28-Mar-2026 08:06:17 America/New_York] ✅ Mailer initialized for requests
[28-Mar-2026 08:07:01 America/New_York] ✅ Mailer initialized for requests
[28-Mar-2026 08:07:19 America/New_York] ✅ Mailer initialized for requests
[28-Mar-2026 08:07:36 America/New_York] ✅ Mailer initialized for requests
[28-Mar-2026 08:07:36 America/New_York] 📧 Sending request_rejected email to: mdasraful-2025917555@amath.du.ac.bd
[28-Mar-2026 08:07:37 America/New_York] ✅ request_rejected email sent to: mdasraful-2025917555@amath.du.ac.bd
[28-Mar-2026 08:08:04 America/New_York] ✅ Mailer initialized for requests
[28-Mar-2026 08:08:13 America/New_York] ✅ Mailer initialized for requests
[28-Mar-2026 08:08:13 America/New_York] 📧 Sending request_approved email to: mdasraful-2025917555@amath.du.ac.bd
[28-Mar-2026 08:08:13 America/New_York] ✅ request_approved email sent to: mdasraful-2025917555@amath.du.ac.bd
[28-Mar-2026 08:08:38 America/New_York] ✅ Mailer initialized for requests
[28-Mar-2026 08:08:48 America/New_York] ✅ Mailer initialized for requests
[28-Mar-2026 08:09:20 America/New_York] ✅ Mailer initialized for requests
[28-Mar-2026 08:53:13 America/New_York] ✅ Mailer initialized for book page
[28-Mar-2026 09:09:57 America/New_York] ✅ Mailer initialized for book page
[28-Mar-2026 09:10:00 America/New_York] ✅ Mailer initialized for book page
[28-Mar-2026 09:20:14 America/New_York] ✅ Mailer initialized for requests
[28-Mar-2026 09:20:39 America/New_York] ✅ Mailer initialized for requests
[28-Mar-2026 09:20:39 America/New_York] 📧 Sending request_approved email to: mdasraful-2025917555@amath.du.ac.bd
[28-Mar-2026 09:20:40 America/New_York] ✅ request_approved email sent to: mdasraful-2025917555@amath.du.ac.bd
[28-Mar-2026 09:20:40 America/New_York] ✅ Approval email sent to: mdasraful-2025917555@amath.du.ac.bd
[28-Mar-2026 09:20:56 America/New_York] ✅ Mailer initialized for requests
[28-Mar-2026 09:20:56 America/New_York] 📧 Sending request_rejected email to: mdasraful-2025917555@amath.du.ac.bd
[28-Mar-2026 09:20:56 America/New_York] ✅ request_rejected email sent to: mdasraful-2025917555@amath.du.ac.bd
[28-Mar-2026 09:20:56 America/New_York] ✅ Rejection email sent to: mdasraful-2025917555@amath.du.ac.bd
[28-Mar-2026 09:21:43 America/New_York] ✅ Mailer initialized for requests
[28-Mar-2026 09:21:58 America/New_York] ✅ Mailer initialized for requests
[28-Mar-2026 09:21:58 America/New_York] 📧 Sending request_rejected email to: mdasraful-2025917555@amath.du.ac.bd
[28-Mar-2026 09:21:58 America/New_York] ✅ request_rejected email sent to: mdasraful-2025917555@amath.du.ac.bd
[28-Mar-2026 09:21:58 America/New_York] ✅ Rejection email sent to: mdasraful-2025917555@amath.du.ac.bd
[28-Mar-2026 09:22:03 America/New_York] ✅ Mailer initialized for requests
[28-Mar-2026 09:22:03 America/New_York] 📧 Sending request_approved email to: mdasraful-2025917555@amath.du.ac.bd
[28-Mar-2026 09:22:03 America/New_York] ✅ request_approved email sent to: mdasraful-2025917555@amath.du.ac.bd
[28-Mar-2026 09:22:03 America/New_York] ✅ Approval email sent to: mdasraful-2025917555@amath.du.ac.bd
[28-Mar-2026 09:22:24 America/New_York] ✅ Mailer initialized for requests
[28-Mar-2026 09:22:30 America/New_York] ✅ Mailer initialized for requests
[28-Mar-2026 09:22:30 America/New_York] 📧 Sending book_returned email to: mdasraful-2025917555@amath.du.ac.bd
[28-Mar-2026 09:22:30 America/New_York] ✅ book_returned email sent to: mdasraful-2025917555@amath.du.ac.bd
[28-Mar-2026 09:22:30 America/New_York] ✅ Return email sent to borrower: mdasraful-2025917555@amath.du.ac.bd
[28-Mar-2026 09:22:30 America/New_York] 📧 Sending book_returned_owner email to: mdasrafulislam0638@gmail.com
[28-Mar-2026 09:22:31 America/New_York] ✅ book_returned_owner email sent to: mdasrafulislam0638@gmail.com
[28-Mar-2026 09:22:31 America/New_York] ✅ Return email sent to owner: mdasrafulislam0638@gmail.com
[28-Mar-2026 09:29:22 America/New_York] ✅ Mailer initialized for requests
[28-Mar-2026 09:35:19 America/New_York] ✅ Mailer initialized for book page
[28-Mar-2026 09:35:19 America/New_York] Looking for cover image: /home/vol1000_8/infinityfree.com/if0_40028850/openshelf.free.nf/htdocs/uploads/book_cover/TPYLVLU2VN_1774626335.webp
[28-Mar-2026 09:35:19 America/New_York] ✅ Main cover image found: /home/vol1000_8/infinityfree.com/if0_40028850/openshelf.free.nf/htdocs/uploads/book_cover/TPYLVLU2VN_1774626335.webp
[28-Mar-2026 09:38:04 America/New_York] ✅ Mailer initialized for requests
[28-Mar-2026 09:39:04 America/New_York] ✅ Mailer initialized for book page
[28-Mar-2026 09:39:17 America/New_York] ✅ Mailer initialized for book page
[28-Mar-2026 09:39:52 America/New_York] ✅ Mailer initialized for book page
[28-Mar-2026 09:39:52 America/New_York] 📧 Sending borrow request email to: mdasrafulislam0638@gmail.com
[28-Mar-2026 09:39:52 America/New_York] ✅ Borrow request email sent to: mdasrafulislam0638@gmail.com
[28-Mar-2026 09:45:17 America/New_York] ✅ Mailer initialized for book page
[28-Mar-2026 09:45:39 America/New_York] ✅ Mailer initialized for book page
[28-Mar-2026 09:45:40 America/New_York] ✅ Mailer initialized for book page
[28-Mar-2026 09:59:54 America/New_York] ✅ Mailer initialized for book page
[28-Mar-2026 10:00:04 America/New_York] ✅ Mailer initialized for requests
[28-Mar-2026 10:00:13 America/New_York] ✅ Mailer initialized for requests
[28-Mar-2026 10:00:13 America/New_York] 📧 Sending request_approved email to: mdasraful-2025917555@amath.du.ac.bd
[28-Mar-2026 10:00:13 America/New_York] ✅ request_approved email sent to: mdasraful-2025917555@amath.du.ac.bd
[28-Mar-2026 10:00:13 America/New_York] ✅ Approval email sent to: mdasraful-2025917555@amath.du.ac.bd
[28-Mar-2026 10:00:16 America/New_York] ✅ Mailer initialized for requests
[28-Mar-2026 10:00:19 America/New_York] ✅ Mailer initialized for requests
[28-Mar-2026 10:00:28 America/New_York] ✅ Mailer initialized for requests
[28-Mar-2026 10:00:36 America/New_York] ✅ Mailer initialized for requests
[28-Mar-2026 10:00:36 America/New_York] 📧 Sending book_returned email to: mdasraful-2025917555@amath.du.ac.bd
[28-Mar-2026 10:00:38 America/New_York] ✅ book_returned email sent to: mdasraful-2025917555@amath.du.ac.bd
[28-Mar-2026 10:00:38 America/New_York] ✅ Return email sent to borrower: mdasraful-2025917555@amath.du.ac.bd
[28-Mar-2026 10:00:38 America/New_York] 📧 Sending book_returned_owner email to: mdasrafulislam0638@gmail.com
[28-Mar-2026 10:00:39 America/New_York] ✅ book_returned_owner email sent to: mdasrafulislam0638@gmail.com
[28-Mar-2026 10:00:39 America/New_York] ✅ Return email sent to owner: mdasrafulislam0638@gmail.com
[28-Mar-2026 10:00:44 America/New_York] ✅ Mailer initialized for requests
[28-Mar-2026 10:00:44 America/New_York] 📧 Sending book_returned email to: mdasraful-2025917555@amath.du.ac.bd
[28-Mar-2026 10:00:45 America/New_York] ✅ book_returned email sent to: mdasraful-2025917555@amath.du.ac.bd
[28-Mar-2026 10:00:45 America/New_York] ✅ Return email sent to borrower: mdasraful-2025917555@amath.du.ac.bd
[28-Mar-2026 10:00:45 America/New_York] 📧 Sending book_returned_owner email to: mdasrafulislam0638@gmail.com
[28-Mar-2026 10:00:46 America/New_York] ✅ book_returned_owner email sent to: mdasrafulislam0638@gmail.com
[28-Mar-2026 10:00:46 America/New_York] ✅ Return email sent to owner: mdasrafulislam0638@gmail.com
[28-Mar-2026 10:00:58 America/New_York] ✅ Mailer initialized for book page
[28-Mar-2026 10:01:05 America/New_York] ✅ Mailer initialized for book page
[28-Mar-2026 10:01:05 America/New_York] 📧 Sending borrow request email to: mdasrafulislam0638@gmail.com
[28-Mar-2026 10:01:06 America/New_York] ✅ Borrow request email sent to: mdasrafulislam0638@gmail.com
[28-Mar-2026 10:01:07 America/New_York] ✅ Mailer initialized for book page
[28-Mar-2026 10:01:15 America/New_York] ✅ Mailer initialized for book page
[28-Mar-2026 10:01:28 America/New_York] ✅ Mailer initialized for requests
[28-Mar-2026 10:01:28 America/New_York] 📧 Sending book_returned email to: saifulislam-70-2024117436@geoenv.du.ac.bd
[28-Mar-2026 10:01:28 America/New_York] ✅ book_returned email sent to: saifulislam-70-2024117436@geoenv.du.ac.bd
[28-Mar-2026 10:01:28 America/New_York] ✅ Return email sent to borrower: saifulislam-70-2024117436@geoenv.du.ac.bd
[28-Mar-2026 10:01:32 America/New_York] ✅ Mailer initialized for requests
[28-Mar-2026 10:01:32 America/New_York] 📧 Sending book_returned email to: saifulislam-70-2024117436@geoenv.du.ac.bd
[28-Mar-2026 10:01:33 America/New_York] ✅ book_returned email sent to: saifulislam-70-2024117436@geoenv.du.ac.bd
[28-Mar-2026 10:01:33 America/New_York] ✅ Return email sent to borrower: saifulislam-70-2024117436@geoenv.du.ac.bd
[28-Mar-2026 10:01:35 America/New_York] ✅ Mailer initialized for requests
[28-Mar-2026 10:01:54 America/New_York] ✅ Mailer initialized for book page
[28-Mar-2026 10:01:58 America/New_York] ✅ Mailer initialized for book page
[28-Mar-2026 10:01:58 America/New_York] 📧 Sending borrow request email to: mdasrafulislam0638@gmail.com
[28-Mar-2026 10:01:58 America/New_York] ✅ Borrow request email sent to: mdasrafulislam0638@gmail.com
[28-Mar-2026 10:03:16 America/New_York] ✅ Mailer initialized for requests
[28-Mar-2026 10:03:45 America/New_York] ✅ Mailer initialized for requests
[28-Mar-2026 10:03:45 America/New_York] 📧 Sending request_approved email to: mdasraful-2025917555@amath.du.ac.bd
[28-Mar-2026 10:03:45 America/New_York] ✅ request_approved email sent to: mdasraful-2025917555@amath.du.ac.bd
[28-Mar-2026 10:03:45 America/New_York] ✅ Approval email sent to: mdasraful-2025917555@amath.du.ac.bd
[28-Mar-2026 10:04:00 America/New_York] ✅ Mailer initialized for requests
[28-Mar-2026 10:04:00 America/New_York] 📧 Sending request_rejected email to: mdasraful-2025917555@amath.du.ac.bd
[28-Mar-2026 10:04:00 America/New_York] ✅ request_rejected email sent to: mdasraful-2025917555@amath.du.ac.bd
[28-Mar-2026 10:04:00 America/New_York] ✅ Rejection email sent to: mdasraful-2025917555@amath.du.ac.bd
[28-Mar-2026 10:04:10 America/New_York] ✅ Mailer initialized for requests
[28-Mar-2026 10:04:10 America/New_York] 📧 Sending request_rejected email to: mdasraful-2025917555@amath.du.ac.bd
[28-Mar-2026 10:04:11 America/New_York] ✅ request_rejected email sent to: mdasraful-2025917555@amath.du.ac.bd
[28-Mar-2026 10:04:11 America/New_York] ✅ Rejection email sent to: mdasraful-2025917555@amath.du.ac.bd
